TN:
SF:script/DeployKeyperEnv.s.sol
FN:14,DeployKeyperEnv.run
FNDA:0,DeployKeyperEnv.run
DA:15,0
DA:18,0
DA:19,0
DA:20,0
DA:23,0
DA:24,0
DA:27,0
DA:29,0
DA:35,0
DA:36,0
DA:38,0
DA:40,0
FNF:1
FNH:0
LF:12
LH:0
BRF:0
BRH:0
end_of_record
TN:
SF:script/DeployKeyperRoles.t.sol
FN:11,DeployKeyperRoles.run
FNDA:0,DeployKeyperRoles.run
DA:13,0
DA:14,0
FN:17,DeployKeyperRoles.deploy
FNDA:0,DeployKeyperRoles.deploy
DA:18,0
DA:19,0
DA:20,0
FNF:2
FNH:0
LF:5
LH:0
BRF:0
BRH:0
end_of_record
TN:
SF:script/DeployKeyperSafe.t.sol
FN:9,DeployKeyperSafe.run
FNDA:0,DeployKeyperSafe.run
DA:10,0
DA:11,0
DA:12,0
DA:13,0
DA:14,0
DA:15,0
DA:17,0
DA:18,0
DA:19,0
DA:20,0
FNF:1
FNH:0
LF:10
LH:0
BRF:0
BRH:0
end_of_record
TN:
SF:script/DeployModule.t.sol
FN:9,DeployModule.run
FNDA:1,DeployModule.run
DA:10,1
DA:11,1
DA:12,1
DA:13,1
DA:14,1
DA:15,1
DA:16,1
DA:17,1
DA:22,1
FNF:1
FNH:1
LF:9
LH:9
BRF:0
BRH:0
end_of_record
TN:
SF:script/DeploySafeFactory.t.sol
FN:21,DeploySafeFactory.run
FNDA:3,DeploySafeFactory.run
DA:22,3
DA:23,3
DA:24,3
DA:25,3
FN:28,DeploySafeFactory.newSafeProxy
FNDA:268,DeploySafeFactory.newSafeProxy
DA:29,268
DA:30,268
DA:33,268
FNF:2
FNH:2
LF:7
LH:7
BRF:0
BRH:0
end_of_record
TN:
SF:src/DenyHelper.sol
FN:60,DenyHelper.isListed
FNDA:12,DenyHelper.isListed
DA:61,17
FN:68,DenyHelper.getAll
FNDA:4,DenyHelper.getAll
DA:73,4
DA:74,4
BRDA:74,0,0,-
BRDA:74,0,1,-
DA:75,0
DA:77,4
DA:78,4
DA:79,4
DA:80,21
DA:81,17
DA:82,17
DA:83,17
DA:85,4
FN:92,DenyHelper.getPrevUser
FNDA:6,DenyHelper.getPrevUser
DA:97,8
DA:98,8
DA:100,28
DA:103,27
BRDA:103,1,0,7
BRDA:103,1,1,20
DA:104,7
DA:106,20
DA:107,20
DA:109,1
FNF:3
FNH:3
LF:20
LH:19
BRF:4
BRH:2
end_of_record
TN:
SF:src/KeyperModule.sol
FN:123,KeyperModule.createSafeProxy
FNDA:1,KeyperModule.createSafeProxy
DA:127,1
DA:131,1
DA:143,1
DA:144,1
FN:162,KeyperModule.execTransactionOnBehalf
FNDA:30,KeyperModule.execTransactionOnBehalf
DA:179,0
DA:180,0
BRDA:180,0,0,2
BRDA:180,0,1,7
DA:182,0
BRDA:182,1,0,7
BRDA:182,1,1,9
DA:183,0
DA:186,0
DA:199,0
DA:200,0
DA:205,0
BRDA:205,2,0,3
BRDA:205,2,1,3
DA:206,0
DA:211,0
DA:213,0
DA:214,0
DA:218,0
BRDA:218,3,0,1
BRDA:218,3,1,9
DA:219,0
FN:224,KeyperModule.internalEnableModule
FNDA:1,KeyperModule.internalEnableModule
DA:228,1
FN:233,KeyperModule.enableModule
FNDA:0,KeyperModule.enableModule
DA:234,0
FN:244,KeyperModule.addOwnerWithThreshold
FNDA:16,KeyperModule.addOwnerWithThreshold
DA:255,12
DA:256,12
BRDA:256,4,0,3
BRDA:256,4,1,9
DA:257,3
DA:260,9
DA:262,9
BRDA:262,5,0,1
BRDA:262,5,1,8
DA:263,1
DA:266,8
DA:270,8
DA:273,8
BRDA:273,6,0,2
BRDA:273,6,1,6
FN:283,KeyperModule.removeOwner
FNDA:19,KeyperModule.removeOwner
DA:290,17
DA:292,17
BRDA:291,7,0,4
BRDA:291,7,1,13
DA:296,4
DA:299,13
BRDA:299,8,0,3
BRDA:299,8,1,10
DA:300,3
DA:302,10
DA:304,10
BRDA:304,9,0,1
BRDA:304,9,1,9
DA:305,1
DA:308,9
DA:313,9
DA:316,9
BRDA:316,10,0,2
BRDA:316,10,1,7
FN:323,KeyperModule.hasNotPermissionOverTarget
FNDA:4,KeyperModule.hasNotPermissionOverTarget
DA:328,46
DA:332,0
FN:341,KeyperModule.setRole
FNDA:30,KeyperModule.setRole
DA:347,29
DA:349,29
BRDA:348,11,0,3
BRDA:348,11,1,26
DA:352,3
DA:354,26
BRDA:354,12,0,1
BRDA:354,12,1,25
DA:355,1
DA:357,25
DA:361,25
BRDA:360,13,0,25
BRDA:360,13,1,25
DA:366,25
DA:368,25
DA:369,25
FN:375,KeyperModule.registerOrg
FNDA:102,KeyperModule.registerOrg
DA:380,102
DA:381,102
DA:382,102
DA:383,102
DA:385,102
DA:386,102
FN:393,KeyperModule.createRootSafeSquad
FNDA:19,KeyperModule.createRootSafeSquad
DA:400,19
DA:401,19
DA:402,19
DA:403,19
DA:405,19
FN:414,KeyperModule.addSquad
FNDA:162,KeyperModule.addSquad
DA:421,160
BRDA:421,14,0,-
BRDA:421,14,1,160
DA:422,160
DA:423,160
DA:424,160
BRDA:424,15,0,2
BRDA:424,15,1,158
DA:425,2
DA:428,158
BRDA:428,16,0,-
BRDA:428,16,1,158
DA:429,0
DA:432,158
DA:434,158
DA:436,158
DA:437,158
DA:439,158
DA:440,158
DA:441,158
DA:442,158
DA:443,158
DA:445,158
DA:447,158
BRDA:446,17,0,-
BRDA:446,17,1,50
DA:453,50
DA:458,158
DA:461,158
FN:467,KeyperModule.removeSquad
FNDA:8,KeyperModule.removeSquad
DA:472,8
DA:473,8
DA:474,8
DA:477,8
BRDA:476,18,0,2
BRDA:476,18,1,6
DA:480,2
DA:483,6
BRDA:483,19,0,3
BRDA:483,19,1,3
DA:484,3
DA:486,3
DA:489,3
DA:492,3
DA:493,3
BRDA:493,20,0,-
BRDA:493,20,1,3
DA:494,3
DA:495,3
DA:496,3
DA:500,3
DA:502,1
DA:503,1
DA:505,1
DA:509,3
DA:510,3
DA:514,3
DA:517,3
DA:520,3
DA:521,3
FN:528,KeyperModule.updateSuper
FNDA:4,KeyperModule.updateSuper
DA:534,2
DA:535,2
DA:537,2
BRDA:537,21,0,1
BRDA:537,21,1,1
DA:538,1
DA:540,1
DA:542,1
DA:545,1
DA:546,1
BRDA:546,22,0,-
BRDA:546,22,1,1
DA:547,1
DA:548,1
DA:549,1
DA:552,1
DA:554,1
BRDA:554,23,0,-
BRDA:554,23,1,1
DA:555,1
DA:562,1
DA:563,1
DA:567,1
BRDA:566,24,0,-
BRDA:566,24,1,1
DA:571,1
DA:575,1
DA:576,1
FN:591,KeyperModule.addToList
FNDA:22,KeyperModule.addToList
DA:596,12
BRDA:596,25,0,1
BRDA:596,25,1,11
DA:597,11
DA:598,11
BRDA:598,26,0,1
BRDA:598,26,1,10
DA:599,1
DA:601,10
DA:602,10
DA:603,37
DA:605,37
BRDA:604,27,0,1
BRDA:604,27,1,36
DA:607,1
DA:609,36
BRDA:609,28,0,1
BRDA:609,28,1,35
DA:610,1
DA:613,35
DA:614,35
DA:616,8
DA:617,8
DA:618,8
FN:623,KeyperModule.dropFromList
FNDA:17,KeyperModule.dropFromList
DA:629,6
DA:630,6
BRDA:630,29,0,1
BRDA:630,29,1,5
DA:631,1
DA:633,5
BRDA:633,30,0,2
BRDA:633,30,1,3
DA:634,3
BRDA:634,31,0,1
BRDA:634,31,1,2
DA:635,2
DA:636,2
DA:637,2
DA:638,2
DA:639,2
FN:643,KeyperModule.enableAllowlist
FNDA:12,KeyperModule.enableAllowlist
DA:644,7
DA:645,7
DA:646,7
FN:650,KeyperModule.enableDenylist
FNDA:13,KeyperModule.enableDenylist
DA:651,8
DA:652,8
DA:653,8
FN:657,KeyperModule.disableDenyHelper
FNDA:1,KeyperModule.disableDenyHelper
DA:662,1
DA:663,1
DA:664,1
FN:673,KeyperModule.getSquadInfo
FNDA:27,KeyperModule.getSquadInfo
DA:686,27
DA:687,27
FN:701,KeyperModule.getSquadSafeAddress
FNDA:156,KeyperModule.getSquadSafeAddress
DA:707,156
DA:708,156
FN:714,KeyperModule.isOrgRegistered
FNDA:1,KeyperModule.isOrgRegistered
DA:715,1992
BRDA:715,32,0,103
BRDA:715,32,1,1889
DA:716,1889
FN:723,KeyperModule.isRootSafeOf
FNDA:1,KeyperModule.isRootSafeOf
DA:729,74
BRDA:729,33,0,-
BRDA:729,33,1,74
DA:730,74
DA:731,74
DA:732,74
BRDA:732,34,0,11
BRDA:732,34,1,63
DA:733,63
FN:743,KeyperModule.isTreeMember
FNDA:14,KeyperModule.isTreeMember
DA:748,216
BRDA:748,35,0,158
BRDA:748,35,1,58
DA:749,58
DA:750,58
DA:751,58
BRDA:751,36,0,5
BRDA:751,36,1,53
DA:753,53
BRDA:753,37,0,-
BRDA:753,37,1,53
DA:755,53
BRDA:755,38,0,6
BRDA:755,38,1,47
DA:756,47
DA:758,69
DA:759,59
BRDA:759,39,0,37
BRDA:759,39,1,22
DA:760,22
DA:761,22
DA:763,10
FN:770,KeyperModule.isSuperSafe
FNDA:17,KeyperModule.isSuperSafe
DA:775,62
BRDA:775,40,0,10
BRDA:775,40,1,52
DA:776,52
DA:777,52
DA:778,52
BRDA:778,41,0,2
BRDA:778,41,1,50
DA:779,50
DA:780,50
FN:783,KeyperModule.isSafeRegistered
FNDA:0,KeyperModule.isSafeRegistered
DA:784,445
BRDA:784,42,0,-
BRDA:784,42,1,445
DA:785,0
DA:787,445
BRDA:787,43,0,287
BRDA:787,43,1,158
DA:788,158
BRDA:788,44,0,-
BRDA:788,44,1,158
DA:789,158
FN:795,KeyperModule.getOrgHashBySafe
FNDA:159,KeyperModule.getOrgHashBySafe
DA:796,1050
DA:797,958
BRDA:797,45,0,-
BRDA:797,45,1,763
DA:798,763
DA:801,287
FN:808,KeyperModule.getSquadIdBySafe
FNDA:258,KeyperModule.getSquadIdBySafe
DA:813,1870
BRDA:813,46,0,1
BRDA:813,46,1,1869
DA:814,1
DA:817,1869
DA:818,3164
BRDA:818,47,0,-
BRDA:818,47,1,1495
DA:819,1495
DA:822,374
FN:829,KeyperModule.getOrgBySquad
FNDA:43,KeyperModule.getOrgBySquad
DA:834,1047
BRDA:834,48,0,2
BRDA:834,48,1,1045
DA:835,1045
DA:836,1058
BRDA:836,49,0,-
BRDA:836,49,1,1044
DA:837,1044
DA:840,1045
BRDA:840,50,0,1
BRDA:840,50,1,1044
FN:847,KeyperModule.isSafeLead
FNDA:14,KeyperModule.isSafeLead
DA:852,53
DA:853,53
DA:854,53
BRDA:854,51,0,-
BRDA:854,51,1,53
DA:855,53
BRDA:855,52,0,35
BRDA:855,52,1,18
DA:856,35
DA:858,18
FN:865,KeyperModule.isSafe
FNDA:0,KeyperModule.isSafe
DA:867,478
BRDA:867,53,0,-
BRDA:867,53,1,462
DA:869,462
DA:870,462
DA:871,462
BRDA:871,54,0,-
BRDA:871,54,1,462
DA:873,462
DA:874,462
BRDA:874,55,0,-
BRDA:874,55,1,462
DA:875,462
DA:877,16
FN:883,KeyperModule.domainSeparator
FNDA:0,KeyperModule.domainSeparator
DA:884,28
FN:891,KeyperModule.getChainId
FNDA:0,KeyperModule.getChainId
DA:892,28
DA:895,28
DA:897,28
FN:909,KeyperModule.encodeTransactionData
FNDA:0,KeyperModule.encodeTransactionData
DA:918,28
DA:930,28
FN:944,KeyperModule.getTransactionHash
FNDA:19,KeyperModule.getTransactionHash
DA:953,19
FN:963,KeyperModule.disableSafeLeadRoles
FNDA:3,KeyperModule.disableSafeLeadRoles
DA:964,3
DA:965,3
BRDA:965,56,0,-
BRDA:965,56,1,-
DA:967,0
DA:969,3
BRDA:968,57,0,-
BRDA:968,57,1,-
DA:973,0
DA:977,3
BRDA:976,58,0,-
BRDA:976,58,1,-
DA:981,0
FN:990,KeyperModule.removeIndexSquad
FNDA:3,KeyperModule.removeIndexSquad
DA:991,3
DA:992,7
BRDA:992,59,0,-
BRDA:992,59,1,3
DA:993,3
DA:994,3
DA:995,3
FN:1005,KeyperModule._createOrgOrRoot
FNDA:121,KeyperModule._createOrgOrRoot
DA:1010,121
BRDA:1010,60,0,-
BRDA:1010,60,1,121
DA:1011,0
DA:1013,121
DA:1016,121
BRDA:1016,61,0,-
BRDA:1016,61,1,121
DA:1017,0
DA:1019,121
BRDA:1019,62,0,-
BRDA:1019,62,1,121
DA:1020,0
DA:1022,121
DA:1023,121
DA:1031,121
DA:1032,121
DA:1035,121
DA:1036,121
DA:1039,121
FNF:37
FNH:31
LF:259
LH:235
BRF:126
BRH:98
end_of_record
TN:
SF:src/KeyperRoles.sol
FN:24,KeyperRoles.setupRoles
FNDA:0,KeyperRoles.setupRoles
DA:32,0
DA:40,0
DA:48,0
DA:58,0
DA:68,0
DA:76,0
DA:86,0
DA:94,0
DA:102,0
DA:110,0
DA:118,0
DA:126,0
DA:134,0
DA:142,0
DA:152,0
DA:160,0
DA:168,0
DA:176,0
DA:184,0
DA:185,0
FN:192,KeyperRoles.setUserRole
FNDA:0,KeyperRoles.setUserRole
DA:198,0
BRDA:198,0,0,-
BRDA:198,0,1,-
DA:199,0
DA:201,0
DA:204,0
FNF:2
FNH:0
LF:24
LH:0
BRF:2
BRH:0
end_of_record
TN:
SF:src/ReentrancyAttack.sol
FN:41,Attacker.performAttack
FNDA:1,Attacker.performAttack
DA:50,1
DA:51,1
DA:54,0
FN:57,Attacker.setOwners
FNDA:1,Attacker.setOwners
DA:58,1
DA:59,2
FN:63,Attacker.getBalanceFromSafe
FNDA:1,Attacker.getBalanceFromSafe
DA:68,1
FN:71,Attacker.getBalanceFromAttacker
FNDA:1,Attacker.getBalanceFromAttacker
DA:72,1
FN:75,Attacker.checkSignatures
FNDA:1,Attacker.checkSignatures
FN:81,Attacker.getOwners
FNDA:1,Attacker.getOwners
DA:82,1
FN:85,Attacker.getThreshold
FNDA:3,Attacker.getThreshold
DA:86,3
FN:89,Attacker.setParamsForAttack
FNDA:1,Attacker.setParamsForAttack
DA:95,1
DA:96,1
DA:97,1
DA:98,1
FNF:8
FNH:8
LF:13
LH:12
BRF:0
BRH:0
end_of_record
TN:
SF:src/SigningUtils.sol
FN:40,SigningUtils._hashTypedDataV4
FNDA:0,SigningUtils._hashTypedDataV4
DA:46,0
FN:49,SigningUtils.createDigestExecTx
FNDA:0,SigningUtils.createDigestExecTx
DA:53,0
DA:74,0
FNF:2
FNH:0
LF:3
LH:0
BRF:0
BRH:0
end_of_record
TN:
SF:test/helpers/DeployHelper.t.sol
FN:45,DeployHelper.deployAllContracts
FNDA:0,DeployHelper.deployAllContracts
DA:46,0
DA:47,0
DA:49,0
DA:52,0
DA:53,0
DA:56,0
DA:59,0
DA:60,0
DA:62,0
DA:67,0
DA:69,0
DA:70,0
DA:72,0
DA:74,0
DA:76,0
DA:78,0
DA:79,0
DA:81,0
DA:83,0
DA:85,0
FNF:1
FNH:0
LF:20
LH:0
BRF:0
BRH:0
end_of_record
TN:
SF:test/helpers/KeyperModuleHelper.t.sol
FN:24,KeyperModuleHelper.initHelper
FNDA:0,KeyperModuleHelper.initHelper
DA:25,0
DA:26,0
FN:29,KeyperModuleHelper.setGnosisSafe
FNDA:21,KeyperModuleHelper.setGnosisSafe
DA:30,21
FN:34,KeyperModuleHelper.encodeSignaturesKeyperTx
FNDA:17,KeyperModuleHelper.encodeSignaturesKeyperTx
DA:43,17
DA:44,17
DA:48,17
DA:50,17
DA:51,17
DA:54,17
DA:55,17
DA:56,31
DA:59,17
DA:61,17
FN:65,KeyperModuleHelper.encodeInvalidSignaturesKeyperTx
FNDA:1,KeyperModuleHelper.encodeInvalidSignaturesKeyperTx
DA:74,1
DA:75,1
DA:79,1
DA:81,1
DA:82,1
DA:83,2
DA:86,1
DA:88,1
FN:91,KeyperModuleHelper.createKeyperTxHash
FNDA:0,KeyperModuleHelper.createKeyperTxHash
DA:100,0
DA:103,0
FN:106,KeyperModuleHelper.createSafeProxy
FNDA:1,KeyperModuleHelper.createSafeProxy
DA:110,1
BRDA:110,0,0,-
BRDA:110,0,1,1
DA:114,1
BRDA:114,1,0,-
BRDA:114,1,1,1
DA:118,1
DA:119,1
DA:121,1
DA:122,1
DA:123,1
DA:124,1
DA:126,1
BRDA:126,2,0,-
BRDA:126,2,1,1
DA:127,1
DA:128,1
DA:129,4
DA:130,4
DA:132,1
FNF:6
FNH:4
LF:37
LH:33
BRF:6
BRH:3
end_of_record
TN:
SF:test/helpers/KeyperSafeBuilder.t.sol
FN:15,KeyperSafeBuilder.setUpParams
FNDA:0,KeyperSafeBuilder.setUpParams
DA:19,0
DA:20,0
FN:27,KeyperSafeBuilder.setupRootOrgAndOneSquad
FNDA:36,KeyperSafeBuilder.setupRootOrgAndOneSquad
DA:32,82
DA:33,82
DA:35,82
DA:36,82
DA:38,82
DA:40,82
DA:41,82
DA:43,82
DA:44,82
DA:46,82
FN:53,KeyperSafeBuilder.setupRootWithTwoSquads
FNDA:1,KeyperSafeBuilder.setupRootWithTwoSquads
DA:58,1
DA:60,1
DA:63,1
DA:66,1
DA:67,1
DA:68,1
DA:69,1
DA:71,1
FN:78,KeyperSafeBuilder.setupTwoRootOrgWithOneSquadEach
FNDA:12,KeyperSafeBuilder.setupTwoRootOrgWithOneSquadEach
DA:92,19
DA:94,19
DA:97,19
DA:99,19
DA:101,19
DA:102,19
DA:103,19
DA:104,19
DA:107,19
DA:110,19
DA:111,19
DA:112,19
DA:114,19
FN:123,KeyperSafeBuilder.setupTwoRootOrgWithOneSquadAndOneChildEach
FNDA:7,KeyperSafeBuilder.setupTwoRootOrgWithOneSquadAndOneChildEach
DA:141,7
DA:145,7
DA:148,7
DA:149,7
DA:150,7
DA:151,7
DA:154,7
DA:155,7
DA:156,7
DA:157,7
DA:159,7
FN:175,KeyperSafeBuilder.setupOrgThreeTiersTree
FNDA:20,KeyperSafeBuilder.setupOrgThreeTiersTree
DA:184,26
DA:186,26
DA:189,26
DA:190,26
DA:192,26
DA:193,26
FN:204,KeyperSafeBuilder.setupOrgFourTiersTree
FNDA:4,KeyperSafeBuilder.setupOrgFourTiersTree
DA:218,6
DA:222,6
DA:224,6
DA:225,6
DA:227,6
DA:230,6
FN:241,KeyperSafeBuilder.setUpBaseOrgTree
FNDA:2,KeyperSafeBuilder.setUpBaseOrgTree
DA:257,2
DA:262,2
DA:263,2
DA:264,2
DA:266,2
DA:268,2
FNF:8
FNH:7
LF:62
LH:60
BRF:0
BRH:0
end_of_record
TN:
SF:test/helpers/ReentrancyAttackHelper.t.sol
FN:21,AttackerHelper.initHelper
FNDA:1,AttackerHelper.initHelper
DA:27,1
DA:28,1
DA:29,1
DA:30,1
FN:33,AttackerHelper.encodeSignaturesForAttackKeyperTx
FNDA:1,AttackerHelper.encodeSignaturesForAttackKeyperTx
DA:41,1
DA:42,1
DA:46,1
DA:47,1
DA:48,1
DA:50,1
DA:51,1
DA:52,1
DA:55,1
DA:57,1
FN:60,AttackerHelper.setAttackerTree
FNDA:1,AttackerHelper.setAttackerTree
DA:64,1
DA:65,1
DA:66,1
DA:68,1
DA:69,1
DA:70,1
DA:72,1
DA:73,1
DA:74,1
DA:76,1
DA:77,1
DA:78,1
DA:80,1
DA:81,1
DA:82,1
DA:83,1
DA:85,1
DA:86,1
DA:87,1
DA:88,1
DA:90,1
DA:92,1
DA:93,1
DA:96,1
DA:98,1
FNF:3
FNH:3
LF:39
LH:39
BRF:0
BRH:0
end_of_record
TN:
SF:test/helpers/SignDigestHelper.t.sol
FN:9,SignDigestHelper.signDigestTx
FNDA:0,SignDigestHelper.signDigestTx
DA:13,19
DA:14,19
DA:15,34
DA:16,34
DA:17,34
DA:20,19
FN:23,SignDigestHelper.sortAddresses
FNDA:0,SignDigestHelper.sortAddresses
DA:28,18
DA:29,46
DA:30,88
BRDA:30,0,0,-
BRDA:30,0,1,36
DA:31,36
DA:36,18
FNF:2
FNH:0
LF:11
LH:11
BRF:2
BRH:1
end_of_record
TN:
SF:test/helpers/SignersHelper.t.sol
FN:20,SignersHelper.initOnwers
FNDA:0,SignersHelper.initOnwers
DA:21,1
DA:22,1
DA:23,30
DA:25,30
BRDA:25,0,0,1
BRDA:25,0,1,30
DA:26,1
DA:28,30
DA:29,30
DA:30,30
DA:33,1
DA:34,1
DA:36,30
DA:37,30
DA:38,30
DA:39,30
FN:43,SignersHelper.updateCount
FNDA:0,SignersHelper.updateCount
DA:44,0
FNF:2
FNH:0
LF:15
LH:14
BRF:2
BRH:2
end_of_record
