TN:
SF:script/DeployKeyperEnv.s.sol
FN:14,DeployKeyperEnv.run
FNDA:0,DeployKeyperEnv.run
DA:15,0
DA:18,0
DA:19,0
DA:20,0
DA:23,0
DA:24,0
DA:27,0
DA:29,0
DA:35,0
DA:36,0
DA:38,0
DA:40,0
FNF:1
FNH:0
LF:12
LH:0
BRF:0
BRH:0
end_of_record
TN:
SF:script/DeployKeyperRoles.t.sol
FN:11,DeployKeyperRoles.run
FNDA:0,DeployKeyperRoles.run
DA:13,0
DA:14,0
FN:17,DeployKeyperRoles.deploy
FNDA:0,DeployKeyperRoles.deploy
DA:18,0
DA:19,0
DA:20,0
FNF:2
FNH:0
LF:5
LH:0
BRF:0
BRH:0
end_of_record
TN:
SF:script/DeployKeyperSafe.t.sol
FN:9,DeployKeyperSafe.run
FNDA:0,DeployKeyperSafe.run
DA:10,0
DA:11,0
DA:12,0
DA:13,0
DA:14,0
DA:15,0
DA:17,0
DA:18,0
DA:19,0
DA:20,0
FNF:1
FNH:0
LF:10
LH:0
BRF:0
BRH:0
end_of_record
TN:
SF:script/DeployModule.t.sol
FN:9,DeployModule.run
FNDA:1,DeployModule.run
DA:10,1
DA:11,1
DA:12,1
DA:13,1
DA:14,1
DA:15,1
DA:16,1
DA:17,1
DA:22,1
FNF:1
FNH:1
LF:9
LH:9
BRF:0
BRH:0
end_of_record
TN:
SF:script/DeploySafeFactory.t.sol
FN:19,DeploySafeFactory.run
FNDA:2,DeploySafeFactory.run
DA:20,2
DA:21,2
DA:22,2
DA:23,2
FN:26,DeploySafeFactory.newSafeProxy
FNDA:30,DeploySafeFactory.newSafeProxy
DA:27,30
DA:28,30
DA:31,30
FNF:2
FNH:2
LF:7
LH:7
BRF:0
BRH:0
end_of_record
TN:
SF:src/DenyHelper.sol
FN:61,DenyHelper.addToAllowedList
FNDA:7,DenyHelper.addToAllowedList
DA:62,7
BRDA:62,0,0,1
BRDA:62,0,1,6
DA:63,6
DA:64,6
DA:65,25
DA:67,25
BRDA:66,1,0,1
BRDA:66,1,1,24
DA:69,1
DA:71,24
BRDA:71,2,0,1
BRDA:71,2,1,23
DA:72,1
DA:75,23
DA:76,23
DA:78,4
DA:79,4
DA:80,4
FN:83,DenyHelper.addToDeniedList
FNDA:7,DenyHelper.addToDeniedList
DA:84,7
BRDA:84,3,0,1
BRDA:84,3,1,6
DA:85,6
DA:86,6
DA:87,25
DA:89,25
BRDA:88,4,0,1
BRDA:88,4,1,24
DA:91,1
DA:93,24
BRDA:93,5,0,1
BRDA:93,5,1,23
DA:94,1
DA:97,23
DA:98,23
DA:100,4
DA:101,4
DA:102,4
FN:105,DenyHelper.dropFromAllowedList
FNDA:2,DenyHelper.dropFromAllowedList
DA:106,2
DA:107,2
DA:108,2
DA:109,2
DA:110,2
FN:115,DenyHelper.dropFromDeniedList
FNDA:2,DenyHelper.dropFromDeniedList
DA:116,2
DA:117,2
DA:118,2
DA:119,2
DA:120,2
FN:124,DenyHelper.enableAllowlist
FNDA:1,DenyHelper.enableAllowlist
DA:125,1
DA:126,1
FN:130,DenyHelper.enableDenylist
FNDA:1,DenyHelper.enableDenylist
DA:131,1
DA:132,1
FN:135,DenyHelper.isAllowed
FNDA:7,DenyHelper.isAllowed
DA:136,7
FN:140,DenyHelper.isDenied
FNDA:7,DenyHelper.isDenied
DA:141,7
FN:145,DenyHelper.getAllAllowed
FNDA:3,DenyHelper.getAllAllowed
DA:146,3
DA:147,3
DA:148,3
DA:149,15
DA:150,12
DA:151,12
DA:152,12
DA:154,3
FN:157,DenyHelper.getAllDenied
FNDA:3,DenyHelper.getAllDenied
DA:158,3
DA:159,3
DA:160,3
DA:161,15
DA:162,12
DA:163,12
DA:164,12
DA:166,3
FN:171,DenyHelper.getPrevUser
FNDA:12,DenyHelper.getPrevUser
DA:176,16
DA:177,16
DA:178,54
DA:179,52
BRDA:179,6,0,14
BRDA:179,6,1,38
DA:180,14
DA:182,38
DA:183,38
DA:186,2
FNF:11
FNH:11
LF:66
LH:66
BRF:14
BRH:14
end_of_record
TN:
SF:src/KeyperModule.sol
FN:124,KeyperModule.createSafeProxy
FNDA:1,KeyperModule.createSafeProxy
DA:128,1
DA:132,1
DA:144,1
DA:145,1
FN:158,KeyperModule.execTransactionOnBehalf
FNDA:9,KeyperModule.execTransactionOnBehalf
DA:167,0
BRDA:167,0,0,3
BRDA:167,0,1,6
DA:168,0
DA:170,0
BRDA:170,1,0,1
BRDA:170,1,1,5
DA:171,0
DA:173,0
DA:175,0
BRDA:175,2,0,2
BRDA:175,2,1,3
DA:177,0
DA:180,0
DA:193,0
DA:197,0
DA:198,0
DA:202,0
DA:203,0
DA:207,0
FN:210,KeyperModule.internalEnableModule
FNDA:1,KeyperModule.internalEnableModule
DA:214,1
FN:218,KeyperModule.enableModule
FNDA:0,KeyperModule.enableModule
DA:219,0
FN:224,KeyperModule.addOwnerWithThreshold
FNDA:5,KeyperModule.addOwnerWithThreshold
DA:230,0
BRDA:230,3,0,1
BRDA:230,3,1,4
DA:231,0
DA:235,0
BRDA:235,4,0,1
BRDA:235,4,1,3
DA:236,0
DA:241,0
BRDA:240,5,0,2
BRDA:240,5,1,1
DA:244,0
DA:247,0
DA:250,0
DA:252,0
DA:255,0
BRDA:255,6,0,-
BRDA:255,6,1,1
FN:260,KeyperModule.removeOwner
FNDA:3,KeyperModule.removeOwner
DA:267,3
BRDA:267,7,0,1
BRDA:267,7,1,2
DA:268,1
DA:272,2
BRDA:272,8,0,1
BRDA:272,8,1,1
DA:273,1
DA:276,1
DA:278,1
DA:283,1
DA:286,1
BRDA:286,9,0,-
BRDA:286,9,1,1
FN:292,KeyperModule.setUserAdmin
FNDA:11,KeyperModule.setUserAdmin
DA:297,11
DA:298,11
DA:299,11
DA:301,11
DA:302,11
FN:305,KeyperModule.getOrg
FNDA:2,KeyperModule.getOrg
DA:311,2
FN:323,KeyperModule.registerOrg
FNDA:34,KeyperModule.registerOrg
DA:327,34
DA:328,34
DA:329,34
DA:330,34
DA:331,34
DA:334,34
DA:335,34
DA:337,34
DA:341,34
FN:350,KeyperModule.addGroup
FNDA:39,KeyperModule.addGroup
DA:357,0
DA:358,0
BRDA:358,10,0,1
BRDA:358,10,1,36
DA:359,0
DA:361,0
BRDA:361,11,0,25
BRDA:361,11,1,11
DA:363,0
DA:364,0
DA:365,0
DA:370,0
DA:371,0
DA:372,0
DA:374,0
DA:375,0
DA:376,0
DA:377,0
FN:385,KeyperModule.removeGroup
FNDA:2,KeyperModule.removeGroup
DA:391,2
DA:392,2
DA:393,2
BRDA:393,12,0,-
BRDA:393,12,1,2
DA:396,2
DA:397,2
DA:400,2
DA:401,2
BRDA:401,13,0,-
BRDA:401,13,1,2
DA:402,2
DA:403,2
DA:404,2
DA:408,2
DA:410,1
DA:411,1
DA:413,1
DA:417,2
DA:418,2
FN:422,KeyperModule.getGroupInfo
FNDA:5,KeyperModule.getGroupInfo
DA:429,5
DA:431,5
BRDA:431,14,0,-
BRDA:431,14,1,5
DA:432,5
FN:443,KeyperModule.isOrgRegistered
FNDA:1,KeyperModule.isOrgRegistered
DA:444,1
BRDA:444,15,0,-
BRDA:444,15,1,1
DA:445,1
FN:449,KeyperModule.isChild
FNDA:9,KeyperModule.isChild
DA:455,47
BRDA:455,16,0,5
BRDA:455,16,1,6
DA:456,30
DA:457,30
DA:458,11
BRDA:458,17,0,5
BRDA:458,17,1,6
DA:460,25
DA:463,17
BRDA:463,18,0,1
BRDA:463,18,1,16
DA:464,1
DA:466,16
DA:467,16
DA:468,3
BRDA:468,19,0,3
BRDA:468,19,1,-
DA:470,13
FN:474,KeyperModule.isAdmin
FNDA:0,KeyperModule.isAdmin
DA:475,5
BRDA:475,20,0,3
BRDA:475,20,1,2
DA:477,2
DA:478,2
BRDA:478,21,0,2
BRDA:478,21,1,-
DA:479,2
DA:481,0
FN:485,KeyperModule.isUserAdmin
FNDA:2,KeyperModule.isUserAdmin
DA:490,10
DA:491,10
BRDA:491,22,0,8
BRDA:491,22,1,2
DA:492,8
DA:494,2
FN:498,KeyperModule.isParent
FNDA:10,KeyperModule.isParent
DA:503,13
DA:504,13
DA:506,20
DA:507,15
BRDA:507,23,0,8
BRDA:507,23,1,7
DA:508,7
DA:509,7
DA:511,5
FN:518,KeyperModule.isSafe
FNDA:0,KeyperModule.isSafe
DA:520,88
BRDA:520,24,0,-
BRDA:520,24,1,87
DA:522,87
DA:523,87
DA:524,87
BRDA:524,25,0,-
BRDA:524,25,1,87
DA:526,87
DA:527,87
BRDA:527,26,0,-
BRDA:527,26,1,87
DA:528,87
DA:530,1
FN:534,KeyperModule.domainSeparator
FNDA:0,KeyperModule.domainSeparator
DA:535,12
FN:541,KeyperModule.getChainId
FNDA:0,KeyperModule.getChainId
DA:542,12
DA:545,12
DA:547,12
FN:550,KeyperModule.encodeTransactionData
FNDA:0,KeyperModule.encodeTransactionData
DA:559,12
DA:571,12
FN:576,KeyperModule.getTransactionHash
FNDA:9,KeyperModule.getTransactionHash
DA:585,9
FN:594,KeyperModule.isSafeOwner
FNDA:6,KeyperModule.isSafeOwner
DA:599,6
DA:600,6
DA:601,17
BRDA:601,27,0,2
BRDA:601,27,1,15
DA:602,2
DA:605,4
FNF:23
FNH:17
LF:135
LH:95
BRF:56
BRH:45
end_of_record
TN:
SF:src/KeyperRoles.sol
FN:23,KeyperRoles.setupRoles
FNDA:0,KeyperRoles.setupRoles
DA:30,0
DA:35,0
DA:40,0
DA:41,0
FN:48,KeyperRoles.setUserRole
FNDA:1,KeyperRoles.setUserRole
DA:55,0
BRDA:55,0,0,1
BRDA:55,0,1,-
DA:56,0
DA:58,0
DA:61,0
FNF:2
FNH:1
LF:8
LH:0
BRF:2
BRH:1
end_of_record
TN:
SF:src/SigningUtils.sol
FN:38,SigningUtils._hashTypedDataV4
FNDA:0,SigningUtils._hashTypedDataV4
DA:44,0
FN:47,SigningUtils.createDigestExecTx
FNDA:0,SigningUtils.createDigestExecTx
DA:51,0
DA:72,0
FNF:2
FNH:0
LF:3
LH:0
BRF:0
BRH:0
end_of_record
TN:
SF:test/KeyperModuleHelper.t.sol
FN:24,KeyperModuleHelper.initHelper
FNDA:0,KeyperModuleHelper.initHelper
DA:25,0
DA:26,0
FN:29,KeyperModuleHelper.setGnosisSafe
FNDA:9,KeyperModuleHelper.setGnosisSafe
DA:30,9
FN:34,KeyperModuleHelper.encodeSignaturesKeyperTx
FNDA:8,KeyperModuleHelper.encodeSignaturesKeyperTx
DA:43,8
DA:44,8
DA:48,8
DA:50,8
DA:51,8
DA:54,8
DA:55,8
DA:56,8
DA:59,8
DA:61,8
FN:65,KeyperModuleHelper.encodeInvalidSignaturesKeyperTx
FNDA:1,KeyperModuleHelper.encodeInvalidSignaturesKeyperTx
DA:74,1
DA:75,1
DA:79,1
DA:81,1
DA:82,1
DA:83,1
DA:86,1
DA:88,1
FN:91,KeyperModuleHelper.createKeyperTxHash
FNDA:0,KeyperModuleHelper.createKeyperTxHash
DA:100,0
DA:103,0
FN:106,KeyperModuleHelper.createSafeProxy
FNDA:1,KeyperModuleHelper.createSafeProxy
DA:110,1
BRDA:110,0,0,-
BRDA:110,0,1,1
DA:114,1
BRDA:114,1,0,-
BRDA:114,1,1,1
DA:118,1
DA:119,1
DA:121,1
DA:122,1
DA:124,1
DA:125,1
DA:127,1
BRDA:127,2,0,-
BRDA:127,2,1,1
DA:128,1
DA:129,1
DA:130,4
DA:131,4
DA:133,1
FNF:6
FNH:4
LF:37
LH:33
BRF:6
BRH:3
end_of_record
TN:
SF:test/MockedContract.t.sol
FN:25,MockedContractB.incrementCounter
FNDA:0,MockedContractB.incrementCounter
DA:26,0
FN:29,MockedContractB.getCounter
FNDA:0,MockedContractB.getCounter
DA:30,0
FN:9,MockedContractA.randomBool
FNDA:0,MockedContractA.randomBool
DA:10,0
FN:13,MockedContractA.getMockAddress
FNDA:0,MockedContractA.getMockAddress
DA:14,0
FN:17,MockedContractA.getRandomBoolValues
FNDA:0,MockedContractA.getRandomBoolValues
DA:18,0
FNF:5
FNH:0
LF:5
LH:0
BRF:0
BRH:0
end_of_record
TN:
SF:test/SignDigestHelper.t.sol
FN:7,SignDigestHelper.signDigestTx
FNDA:0,SignDigestHelper.signDigestTx
DA:11,9
DA:12,9
DA:13,9
DA:14,9
DA:15,9
DA:18,9
FN:21,SignDigestHelper.sortAddresses
FNDA:0,SignDigestHelper.sortAddresses
DA:26,8
DA:27,15
DA:28,22
BRDA:28,0,0,-
BRDA:28,0,1,8
DA:29,8
DA:34,8
FNF:2
FNH:0
LF:11
LH:11
BRF:2
BRH:1
end_of_record
TN:
SF:test/SignersHelper.t.sol
FN:18,SignersHelper.initOnwers
FNDA:0,SignersHelper.initOnwers
DA:19,0
DA:20,0
DA:21,0
DA:23,0
BRDA:23,0,0,-
BRDA:23,0,1,-
DA:24,0
DA:26,0
DA:27,0
DA:28,0
DA:31,0
DA:32,0
DA:34,0
DA:35,0
DA:36,0
DA:37,0
FN:41,SignersHelper.updateCount
FNDA:0,SignersHelper.updateCount
DA:42,0
FNF:2
FNH:0
LF:15
LH:0
BRF:2
BRH:0
end_of_record
